<?xml version="1.0" encoding="UTF-8"?>
<testsuite name="Tests" tests="1" skipped="0" failures="0" errors="0" timestamp="2025-10-06T04:25:51.693Z" hostname="DESKTOP-M6G0CNS" time="0.004">
  <properties/>
  <testcase name="testProductoMatricial" classname="Tests" time="0.004"/>
  <system-out><![CDATA[]]></system-out>
  <system-err><![CDATA[]]></system-err>
</testsuite>
