<?xml version="1.0" encoding="UTF-8"?>
<testsuite name="Tests" tests="1" skipped="0" failures="0" errors="0" timestamp="2025-10-06T02:26:40.898Z" hostname="DESKTOP-M6G0CNS" time="0.006">
  <properties/>
  <testcase name="testTransponer" classname="Tests" time="0.006"/>
  <system-out><![CDATA[]]></system-out>
  <system-err><![CDATA[]]></system-err>
</testsuite>
